[2021-01-28 01:36:10.136] [exthost] [info] extension host started
[2021-01-28 01:36:10.323] [exthost] [info] ExtensionService#_doActivateExtension vscode.microsoft-authentication {"startup":false,"extensionId":{"value":"vscode.microsoft-authentication","_lower":"vscode.microsoft-authentication"},"activationEvent":"onAuthenticationRequest:microsoft"}
[2021-01-28 01:36:10.323] [exthost] [info] ExtensionService#loadCommonJSModule file:///snap/code/52/usr/share/code/resources/app/extensions/microsoft-authentication/dist/extension.js
[2021-01-28 01:36:10.602] [exthost] [info] ExtensionService#_doActivateExtension vscode.php-language-features {"startup":false,"extensionId":{"value":"vscode.php-language-features","_lower":"vscode.php-language-features"},"activationEvent":"onLanguage:php"}
[2021-01-28 01:36:10.602] [exthost] [info] ExtensionService#loadCommonJSModule file:///snap/code/52/usr/share/code/resources/app/extensions/php-language-features/dist/phpMain
[2021-01-28 01:36:11.020] [exthost] [info] ExtensionService#_doActivateExtension vscode.debug-auto-launch {"startup":true,"extensionId":{"value":"vscode.debug-auto-launch","_lower":"vscode.debug-auto-launch"},"activationEvent":"*"}
[2021-01-28 01:36:11.020] [exthost] [info] ExtensionService#loadCommonJSModule file:///snap/code/52/usr/share/code/resources/app/extensions/debug-auto-launch/dist/extension
[2021-01-28 01:36:11.403] [exthost] [info] ExtensionService#_doActivateExtension vscode.emmet {"startup":true,"extensionId":{"value":"vscode.emmet","_lower":"vscode.emmet"},"activationEvent":"*"}
[2021-01-28 01:36:11.403] [exthost] [info] ExtensionService#loadCommonJSModule file:///snap/code/52/usr/share/code/resources/app/extensions/emmet/dist/node/emmetNodeMain
[2021-01-28 01:36:11.697] [exthost] [info] ExtensionService#_doActivateExtension vscode.git {"startup":true,"extensionId":{"value":"vscode.github","_lower":"vscode.github"},"activationEvent":"*"}
[2021-01-28 01:36:11.697] [exthost] [info] ExtensionService#loadCommonJSModule file:///snap/code/52/usr/share/code/resources/app/extensions/git/dist/main
[2021-01-28 01:36:11.800] [exthost] [info] ExtensionService#_doActivateExtension vscode.merge-conflict {"startup":true,"extensionId":{"value":"vscode.merge-conflict","_lower":"vscode.merge-conflict"},"activationEvent":"*"}
[2021-01-28 01:36:11.800] [exthost] [info] ExtensionService#loadCommonJSModule file:///snap/code/52/usr/share/code/resources/app/extensions/merge-conflict/dist/mergeConflictMain
[2021-01-28 01:36:11.820] [exthost] [info] ExtensionService#_doActivateExtension vscode.search-result {"startup":true,"extensionId":{"value":"vscode.search-result","_lower":"vscode.search-result"},"activationEvent":"*"}
[2021-01-28 01:36:11.820] [exthost] [info] ExtensionService#loadCommonJSModule file:///snap/code/52/usr/share/code/resources/app/extensions/search-result/dist/extension.js
[2021-01-28 01:36:12.320] [exthost] [info] ExtensionService#_doActivateExtension vscode.github {"startup":true,"extensionId":{"value":"vscode.github","_lower":"vscode.github"},"activationEvent":"*"}
[2021-01-28 01:36:12.321] [exthost] [info] ExtensionService#loadCommonJSModule file:///snap/code/52/usr/share/code/resources/app/extensions/github/dist/extension.js
[2021-01-28 01:36:12.335] [exthost] [info] eager extensions activated
[2021-01-28 01:36:12.353] [exthost] [info] ExtensionService#_doActivateExtension ms-vscode.js-debug {"startup":false,"extensionId":{"value":"ms-vscode.js-debug","_lower":"ms-vscode.js-debug"},"activationEvent":"onCommand:extension.js-debug.clearAutoAttachVariables"}
[2021-01-28 01:36:12.353] [exthost] [info] ExtensionService#loadCommonJSModule file:///snap/code/52/usr/share/code/resources/app/extensions/ms-vscode.js-debug/src/extension.js
[2021-01-28 01:36:13.064] [exthost] [info] ExtensionService#_doActivateExtension vscode.github-authentication {"startup":false,"extensionId":{"value":"vscode.github-authentication","_lower":"vscode.github-authentication"},"activationEvent":"onAuthenticationRequest:github"}
[2021-01-28 01:36:13.064] [exthost] [info] ExtensionService#loadCommonJSModule file:///snap/code/52/usr/share/code/resources/app/extensions/github-authentication/dist/extension.js
[2021-01-29 13:39:05.985] [exthost] [info] ExtensionService#_doActivateExtension ms-vscode.node-debug2 {"startup":false,"extensionId":{"value":"ms-vscode.node-debug","_lower":"ms-vscode.node-debug"},"activationEvent":"onDebugInitialConfigurations"}
[2021-01-29 13:39:05.985] [exthost] [info] ExtensionService#loadCommonJSModule file:///snap/code/52/usr/share/code/resources/app/extensions/ms-vscode.node-debug2/out/src/extension
[2021-01-29 13:39:06.251] [exthost] [info] ExtensionService#_doActivateExtension ms-vscode.node-debug {"startup":false,"extensionId":{"value":"ms-vscode.node-debug","_lower":"ms-vscode.node-debug"},"activationEvent":"onDebugInitialConfigurations"}
[2021-01-29 13:39:06.252] [exthost] [info] ExtensionService#loadCommonJSModule file:///snap/code/52/usr/share/code/resources/app/extensions/ms-vscode.node-debug/dist/extension.js
[2021-01-29 13:39:07.872] [exthost] [info] ExtensionService#_doActivateExtension vscode.debug-server-ready {"startup":false,"extensionId":{"value":"vscode.debug-server-ready","_lower":"vscode.debug-server-ready"},"activationEvent":"onDebugResolve"}
[2021-01-29 13:39:07.872] [exthost] [info] ExtensionService#loadCommonJSModule file:///snap/code/52/usr/share/code/resources/app/extensions/debug-server-ready/dist/extension
[2021-01-29 16:51:21.626] [exthost] [info] ExtensionService#_doActivateExtension vscode.typescript-language-features {"startup":false,"extensionId":{"value":"vscode.typescript-language-features","_lower":"vscode.typescript-language-features"},"activationEvent":"onLanguage:javascript"}
[2021-01-29 16:51:21.626] [exthost] [info] ExtensionService#loadCommonJSModule file:///snap/code/52/usr/share/code/resources/app/extensions/typescript-language-features/dist/extension
[2021-01-29 16:51:21.681] [exthost] [info] ExtensionService#_doActivateExtension VisualStudioExptTeam.vscodeintellicode {"startup":false,"extensionId":{"value":"VisualStudioExptTeam.vscodeintellicode","_lower":"visualstudioexptteam.vscodeintellicode"},"activationEvent":"onLanguage:javascript"}
[2021-01-29 16:51:21.681] [exthost] [info] ExtensionService#loadCommonJSModule file:///root/.vscode/extensions/visualstudioexptteam.vscodeintellicode-1.2.10/dist/intellicode
[2021-01-29 16:53:16.239] [exthost] [warning] [Decorations] CAPPING events from decorations provider vscode.git 280
[2021-01-29 17:57:40.441] [exthost] [info] ExtensionService#_doActivateExtension vscode.python {"startup":false,"extensionId":{"value":"vscode.python","_lower":"vscode.python"},"activationEvent":"onLanguage:python"}
[2021-01-29 17:57:40.442] [exthost] [info] ExtensionService#loadCommonJSModule file:///snap/code/52/usr/share/code/resources/app/extensions/python/dist/pythonMain
[2021-01-29 17:57:40.447] [exthost] [info] ExtensionService#_doActivateExtension batisteo.vscode-django {"startup":false,"extensionId":{"value":"batisteo.vscode-django","_lower":"batisteo.vscode-django"},"activationEvent":"onLanguage:python"}
[2021-01-29 17:57:40.447] [exthost] [info] ExtensionService#loadCommonJSModule file:///root/.vscode/extensions/batisteo.vscode-django-1.2.0/out/extension
[2021-01-29 17:57:40.558] [exthost] [info] ExtensionService#_doActivateExtension ms-toolsai.jupyter {"startup":false,"extensionId":{"value":"ms-toolsai.jupyter","_lower":"ms-toolsai.jupyter"},"activationEvent":"onLanguage:python"}
[2021-01-29 17:57:40.559] [exthost] [info] ExtensionService#loadCommonJSModule file:///root/.vscode/extensions/ms-toolsai.jupyter-2020.12.414227025/out/client/extension
[2021-01-29 17:57:43.771] [exthost] [info] ExtensionService#_doActivateExtension ms-python.python {"startup":false,"extensionId":{"value":"ms-python.python","_lower":"ms-python.python"},"activationEvent":"onLanguage:python"}
[2021-01-29 17:57:43.771] [exthost] [info] ExtensionService#loadCommonJSModule file:///root/.vscode/extensions/ms-python.python-2021.1.502429796/out/client/extension
[2021-01-29 19:39:46.561] [exthost] [warning] [Decorations] CAPPING events from decorations provider vscode.git 302
[2021-01-29 19:43:33.901] [exthost] [warning] [Decorations] CAPPING events from decorations provider vscode.git 302
[2021-01-29 19:44:12.059] [exthost] [warning] [Decorations] CAPPING events from decorations provider vscode.git 302
[2021-01-29 19:44:20.988] [exthost] [warning] [Decorations] CAPPING events from decorations provider vscode.git 302
[2021-01-29 19:44:53.266] [exthost] [warning] [Decorations] CAPPING events from decorations provider vscode.git 302
[2021-01-29 19:45:16.144] [exthost] [warning] [Decorations] CAPPING events from decorations provider vscode.git 302
[2021-01-29 19:45:21.407] [exthost] [warning] [Decorations] CAPPING events from decorations provider vscode.git 302
[2021-01-29 19:45:31.485] [exthost] [warning] [Decorations] CAPPING events from decorations provider vscode.git 302
[2021-01-29 19:45:47.772] [exthost] [warning] [Decorations] CAPPING events from decorations provider vscode.git 302
[2021-01-29 19:45:57.492] [exthost] [warning] [Decorations] CAPPING events from decorations provider vscode.git 302
[2021-01-29 19:47:33.048] [exthost] [warning] [Decorations] CAPPING events from decorations provider vscode.git 302
[2021-01-29 19:48:02.235] [exthost] [warning] [Decorations] CAPPING events from decorations provider vscode.git 302
[2021-01-29 19:49:04.415] [exthost] [warning] [Decorations] CAPPING events from decorations provider vscode.git 302
[2021-01-29 19:49:28.708] [exthost] [warning] [Decorations] CAPPING events from decorations provider vscode.git 302
[2021-01-29 19:49:59.402] [exthost] [warning] [Decorations] CAPPING events from decorations provider vscode.git 302
[2021-01-29 19:50:11.263] [exthost] [warning] [Decorations] CAPPING events from decorations provider vscode.git 302
[2021-01-29 19:50:29.543] [exthost] [warning] [Decorations] CAPPING events from decorations provider vscode.git 302
[2021-01-29 19:50:37.274] [exthost] [warning] [Decorations] CAPPING events from decorations provider vscode.git 302
[2021-01-29 19:50:46.250] [exthost] [warning] [Decorations] CAPPING events from decorations provider vscode.git 302
[2021-01-29 19:51:21.761] [exthost] [warning] [Decorations] CAPPING events from decorations provider vscode.git 302
[2021-01-29 19:51:55.262] [exthost] [warning] [Decorations] CAPPING events from decorations provider vscode.git 302
[2021-01-29 19:52:00.379] [exthost] [warning] [Decorations] CAPPING events from decorations provider vscode.git 302
[2021-01-29 19:52:23.095] [exthost] [warning] [Decorations] CAPPING events from decorations provider vscode.git 302
[2021-01-29 20:01:47.186] [exthost] [warning] [Decorations] CAPPING events from decorations provider vscode.git 302
[2021-01-29 20:02:38.222] [exthost] [warning] [Decorations] CAPPING events from decorations provider vscode.git 302
[2021-01-29 20:02:43.379] [exthost] [warning] [Decorations] CAPPING events from decorations provider vscode.git 302
[2021-01-29 20:03:45.899] [exthost] [warning] [Decorations] CAPPING events from decorations provider vscode.git 302
[2021-01-29 20:04:03.040] [exthost] [warning] [Decorations] CAPPING events from decorations provider vscode.git 302
[2021-01-29 20:05:07.901] [exthost] [warning] [Decorations] CAPPING events from decorations provider vscode.git 302
[2021-01-29 20:05:33.421] [exthost] [warning] [Decorations] CAPPING events from decorations provider vscode.git 302
[2021-01-29 20:06:27.918] [exthost] [warning] [Decorations] CAPPING events from decorations provider vscode.git 302
[2021-01-29 20:06:37.682] [exthost] [warning] [Decorations] CAPPING events from decorations provider vscode.git 302
[2021-01-29 20:06:46.273] [exthost] [warning] [Decorations] CAPPING events from decorations provider vscode.git 302
[2021-01-29 20:06:59.050] [exthost] [warning] [Decorations] CAPPING events from decorations provider vscode.git 302
[2021-01-29 20:07:05.971] [exthost] [warning] [Decorations] CAPPING events from decorations provider vscode.git 302
[2021-01-29 20:07:33.687] [exthost] [warning] [Decorations] CAPPING events from decorations provider vscode.git 302
[2021-01-29 20:07:49.225] [exthost] [warning] [Decorations] CAPPING events from decorations provider vscode.git 302
[2021-01-29 20:07:59.297] [exthost] [warning] [Decorations] CAPPING events from decorations provider vscode.git 302
[2021-01-29 20:08:32.808] [exthost] [warning] [Decorations] CAPPING events from decorations provider vscode.git 302
[2021-01-29 20:08:37.951] [exthost] [warning] [Decorations] CAPPING events from decorations provider vscode.git 302
[2021-01-29 20:08:43.074] [exthost] [warning] [Decorations] CAPPING events from decorations provider vscode.git 302
[2021-01-29 20:08:51.902] [exthost] [warning] [Decorations] CAPPING events from decorations provider vscode.git 302
[2021-01-29 20:09:09.430] [exthost] [warning] [Decorations] CAPPING events from decorations provider vscode.git 302
[2021-01-29 20:09:21.122] [exthost] [warning] [Decorations] CAPPING events from decorations provider vscode.git 302
[2021-01-29 21:01:38.649] [exthost] [warning] [Decorations] CAPPING events from decorations provider vscode.git 303
[2021-01-29 21:01:43.920] [exthost] [warning] [Decorations] CAPPING events from decorations provider vscode.git 303
[2021-01-29 21:02:19.067] [exthost] [warning] [Decorations] CAPPING events from decorations provider vscode.git 304
[2021-01-29 21:02:56.547] [exthost] [warning] [Decorations] CAPPING events from decorations provider vscode.git 304
[2021-01-29 21:03:36.025] [exthost] [warning] [Decorations] CAPPING events from decorations provider vscode.git 304
[2021-01-29 21:04:58.689] [exthost] [warning] [Decorations] CAPPING events from decorations provider vscode.git 305
[2021-01-29 21:06:05.254] [exthost] [warning] [Decorations] CAPPING events from decorations provider vscode.git 305
[2021-01-29 21:06:32.886] [exthost] [warning] [Decorations] CAPPING events from decorations provider vscode.git 305
[2021-01-29 21:07:35.823] [exthost] [warning] [Decorations] CAPPING events from decorations provider vscode.git 305
[2021-01-29 21:09:01.729] [exthost] [warning] [Decorations] CAPPING events from decorations provider vscode.git 305
[2021-01-29 21:09:53.849] [exthost] [warning] [Decorations] CAPPING events from decorations provider vscode.git 305
[2021-01-29 21:10:13.324] [exthost] [warning] [Decorations] CAPPING events from decorations provider vscode.git 305
[2021-01-29 21:10:42.441] [exthost] [warning] [Decorations] CAPPING events from decorations provider vscode.git 305
[2021-01-29 21:10:51.817] [exthost] [warning] [Decorations] CAPPING events from decorations provider vscode.git 305
[2021-01-29 21:11:23.361] [exthost] [warning] [Decorations] CAPPING events from decorations provider vscode.git 305
[2021-01-29 21:11:35.924] [exthost] [warning] [Decorations] CAPPING events from decorations provider vscode.git 305
[2021-01-29 21:11:44.233] [exthost] [warning] [Decorations] CAPPING events from decorations provider vscode.git 305
[2021-01-29 21:11:50.354] [exthost] [warning] [Decorations] CAPPING events from decorations provider vscode.git 305
[2021-01-29 21:11:55.504] [exthost] [warning] [Decorations] CAPPING events from decorations provider vscode.git 305
[2021-01-29 21:12:39.852] [exthost] [warning] [Decorations] CAPPING events from decorations provider vscode.git 306
[2021-01-29 21:12:45.027] [exthost] [warning] [Decorations] CAPPING events from decorations provider vscode.git 306
[2021-01-29 21:13:27.162] [exthost] [warning] [Decorations] CAPPING events from decorations provider vscode.git 307
[2021-01-29 21:13:49.493] [exthost] [warning] [Decorations] CAPPING events from decorations provider vscode.git 307
[2021-01-29 21:14:07.000] [exthost] [warning] [Decorations] CAPPING events from decorations provider vscode.git 307
[2021-01-29 21:14:12.158] [exthost] [warning] [Decorations] CAPPING events from decorations provider vscode.git 307
[2021-01-29 21:14:25.361] [exthost] [warning] [Decorations] CAPPING events from decorations provider vscode.git 307
[2021-01-29 21:14:30.494] [exthost] [warning] [Decorations] CAPPING events from decorations provider vscode.git 307
[2021-01-29 21:14:53.931] [exthost] [warning] [Decorations] CAPPING events from decorations provider vscode.git 308
[2021-01-29 21:15:01.165] [exthost] [warning] [Decorations] CAPPING events from decorations provider vscode.git 308
[2021-01-29 21:15:36.318] [exthost] [warning] [Decorations] CAPPING events from decorations provider vscode.git 308
[2021-01-29 21:17:47.224] [exthost] [warning] [Decorations] CAPPING events from decorations provider vscode.git 308
[2021-01-29 21:26:50.762] [exthost] [warning] [Decorations] CAPPING events from decorations provider vscode.git 308
[2021-01-29 21:27:15.853] [exthost] [warning] [Decorations] CAPPING events from decorations provider vscode.git 309
[2021-01-29 22:05:23.637] [exthost] [warning] [Decorations] CAPPING events from decorations provider vscode.git 309
[2021-01-29 22:11:23.820] [exthost] [info] extension host started
[2021-01-29 22:11:23.920] [exthost] [info] ExtensionService#_doActivateExtension vscode.microsoft-authentication {"startup":false,"extensionId":{"value":"vscode.microsoft-authentication","_lower":"vscode.microsoft-authentication"},"activationEvent":"onAuthenticationRequest:microsoft"}
[2021-01-29 22:11:23.920] [exthost] [info] ExtensionService#loadCommonJSModule file:///snap/code/52/usr/share/code/resources/app/extensions/microsoft-authentication/dist/extension.js
[2021-01-29 22:11:23.932] [exthost] [info] ExtensionService#_doActivateExtension vscode.debug-auto-launch {"startup":true,"extensionId":{"value":"vscode.debug-auto-launch","_lower":"vscode.debug-auto-launch"},"activationEvent":"*"}
[2021-01-29 22:11:23.932] [exthost] [info] ExtensionService#loadCommonJSModule file:///snap/code/52/usr/share/code/resources/app/extensions/debug-auto-launch/dist/extension
[2021-01-29 22:11:23.963] [exthost] [info] ExtensionService#_doActivateExtension vscode.emmet {"startup":true,"extensionId":{"value":"vscode.emmet","_lower":"vscode.emmet"},"activationEvent":"*"}
[2021-01-29 22:11:23.964] [exthost] [info] ExtensionService#loadCommonJSModule file:///snap/code/52/usr/share/code/resources/app/extensions/emmet/dist/node/emmetNodeMain
[2021-01-29 22:11:23.996] [exthost] [info] ExtensionService#_doActivateExtension vscode.git {"startup":true,"extensionId":{"value":"vscode.github","_lower":"vscode.github"},"activationEvent":"*"}
[2021-01-29 22:11:23.996] [exthost] [info] ExtensionService#loadCommonJSModule file:///snap/code/52/usr/share/code/resources/app/extensions/git/dist/main
[2021-01-29 22:11:24.022] [exthost] [info] ExtensionService#_doActivateExtension vscode.merge-conflict {"startup":true,"extensionId":{"value":"vscode.merge-conflict","_lower":"vscode.merge-conflict"},"activationEvent":"*"}
[2021-01-29 22:11:24.023] [exthost] [info] ExtensionService#loadCommonJSModule file:///snap/code/52/usr/share/code/resources/app/extensions/merge-conflict/dist/mergeConflictMain
[2021-01-29 22:11:24.106] [exthost] [info] ExtensionService#_doActivateExtension vscode.search-result {"startup":true,"extensionId":{"value":"vscode.search-result","_lower":"vscode.search-result"},"activationEvent":"*"}
[2021-01-29 22:11:24.107] [exthost] [info] ExtensionService#loadCommonJSModule file:///snap/code/52/usr/share/code/resources/app/extensions/search-result/dist/extension.js
[2021-01-29 22:11:24.240] [exthost] [info] ExtensionService#_doActivateExtension vscode.github {"startup":true,"extensionId":{"value":"vscode.github","_lower":"vscode.github"},"activationEvent":"*"}
[2021-01-29 22:11:24.240] [exthost] [info] ExtensionService#loadCommonJSModule file:///snap/code/52/usr/share/code/resources/app/extensions/github/dist/extension.js
[2021-01-29 22:11:24.266] [exthost] [info] eager extensions activated
[2021-01-29 22:11:24.266] [exthost] [info] ExtensionService#_doActivateExtension ms-vscode.js-debug {"startup":false,"extensionId":{"value":"ms-vscode.js-debug","_lower":"ms-vscode.js-debug"},"activationEvent":"onCommand:extension.js-debug.clearAutoAttachVariables"}
[2021-01-29 22:11:24.266] [exthost] [info] ExtensionService#loadCommonJSModule file:///snap/code/52/usr/share/code/resources/app/extensions/ms-vscode.js-debug/src/extension.js
[2021-01-29 22:11:24.580] [exthost] [info] ExtensionService#_doActivateExtension vscode.github-authentication {"startup":false,"extensionId":{"value":"vscode.github-authentication","_lower":"vscode.github-authentication"},"activationEvent":"onAuthenticationRequest:github"}
[2021-01-29 22:11:24.580] [exthost] [info] ExtensionService#loadCommonJSModule file:///snap/code/52/usr/share/code/resources/app/extensions/github-authentication/dist/extension.js
[2021-01-29 22:11:29.220] [exthost] [info] ExtensionService#_doActivateExtension vscode.python {"startup":false,"extensionId":{"value":"vscode.python","_lower":"vscode.python"},"activationEvent":"onLanguage:python"}
[2021-01-29 22:11:29.220] [exthost] [info] ExtensionService#loadCommonJSModule file:///snap/code/52/usr/share/code/resources/app/extensions/python/dist/pythonMain
[2021-01-29 22:11:29.222] [exthost] [info] ExtensionService#_doActivateExtension batisteo.vscode-django {"startup":false,"extensionId":{"value":"batisteo.vscode-django","_lower":"batisteo.vscode-django"},"activationEvent":"onLanguage:python"}
[2021-01-29 22:11:29.222] [exthost] [info] ExtensionService#loadCommonJSModule file:///root/.vscode/extensions/batisteo.vscode-django-1.2.0/out/extension
[2021-01-29 22:11:29.517] [exthost] [info] ExtensionService#_doActivateExtension ms-toolsai.jupyter {"startup":false,"extensionId":{"value":"ms-toolsai.jupyter","_lower":"ms-toolsai.jupyter"},"activationEvent":"onLanguage:python"}
[2021-01-29 22:11:29.518] [exthost] [info] ExtensionService#loadCommonJSModule file:///root/.vscode/extensions/ms-toolsai.jupyter-2020.12.414227025/out/client/extension
[2021-01-29 22:11:30.225] [exthost] [info] ExtensionService#_doActivateExtension VisualStudioExptTeam.vscodeintellicode {"startup":false,"extensionId":{"value":"VisualStudioExptTeam.vscodeintellicode","_lower":"visualstudioexptteam.vscodeintellicode"},"activationEvent":"onLanguage:python"}
[2021-01-29 22:11:30.225] [exthost] [info] ExtensionService#loadCommonJSModule file:///root/.vscode/extensions/visualstudioexptteam.vscodeintellicode-1.2.10/dist/intellicode
[2021-01-29 22:11:31.743] [exthost] [info] ExtensionService#_doActivateExtension ms-python.python {"startup":false,"extensionId":{"value":"ms-toolsai.jupyter","_lower":"ms-toolsai.jupyter"},"activationEvent":"api"}
[2021-01-29 22:11:31.744] [exthost] [info] ExtensionService#loadCommonJSModule file:///root/.vscode/extensions/ms-python.python-2021.1.502429796/out/client/extension
[2021-01-29 22:23:59.963] [exthost] [info] ExtensionService#_doActivateExtension vscode.configuration-editing {"startup":false,"extensionId":{"value":"vscode.configuration-editing","_lower":"vscode.configuration-editing"},"activationEvent":"onLanguage:jsonc"}
[2021-01-29 22:23:59.963] [exthost] [info] ExtensionService#loadCommonJSModule file:///snap/code/52/usr/share/code/resources/app/extensions/configuration-editing/dist/configurationEditingMain
[2021-01-29 22:24:00.175] [exthost] [info] ExtensionService#_doActivateExtension vscode.json-language-features {"startup":false,"extensionId":{"value":"vscode.json-language-features","_lower":"vscode.json-language-features"},"activationEvent":"onLanguage:jsonc"}
[2021-01-29 22:24:00.175] [exthost] [info] ExtensionService#loadCommonJSModule file:///snap/code/52/usr/share/code/resources/app/extensions/json-language-features/client/dist/node/jsonClientMain
[2021-01-29 22:24:00.258] [exthost] [info] ExtensionService#_doActivateExtension vscode.typescript-language-features {"startup":false,"extensionId":{"value":"vscode.typescript-language-features","_lower":"vscode.typescript-language-features"},"activationEvent":"onLanguage:jsonc"}
[2021-01-29 22:24:00.258] [exthost] [info] ExtensionService#loadCommonJSModule file:///snap/code/52/usr/share/code/resources/app/extensions/typescript-language-features/dist/extension
[2021-01-29 22:24:04.035] [exthost] [info] extension host started
[2021-01-29 22:24:04.224] [exthost] [info] ExtensionService#_doActivateExtension vscode.microsoft-authentication {"startup":false,"extensionId":{"value":"vscode.microsoft-authentication","_lower":"vscode.microsoft-authentication"},"activationEvent":"onAuthenticationRequest:microsoft"}
[2021-01-29 22:24:04.225] [exthost] [info] ExtensionService#loadCommonJSModule file:///snap/code/52/usr/share/code/resources/app/extensions/microsoft-authentication/dist/extension.js
[2021-01-29 22:24:04.282] [exthost] [info] ExtensionService#_doActivateExtension vscode.python {"startup":false,"extensionId":{"value":"vscode.python","_lower":"vscode.python"},"activationEvent":"onLanguage:python"}
[2021-01-29 22:24:04.283] [exthost] [info] ExtensionService#loadCommonJSModule file:///snap/code/52/usr/share/code/resources/app/extensions/python/dist/pythonMain
[2021-01-29 22:24:04.285] [exthost] [info] ExtensionService#_doActivateExtension batisteo.vscode-django {"startup":false,"extensionId":{"value":"batisteo.vscode-django","_lower":"batisteo.vscode-django"},"activationEvent":"onLanguage:python"}
[2021-01-29 22:24:04.286] [exthost] [info] ExtensionService#loadCommonJSModule file:///root/.vscode/extensions/batisteo.vscode-django-1.2.0/out/extension
[2021-01-29 22:24:04.319] [exthost] [info] ExtensionService#_doActivateExtension ms-toolsai.jupyter {"startup":false,"extensionId":{"value":"ms-toolsai.jupyter","_lower":"ms-toolsai.jupyter"},"activationEvent":"onLanguage:python"}
[2021-01-29 22:24:04.319] [exthost] [info] ExtensionService#loadCommonJSModule file:///root/.vscode/extensions/ms-toolsai.jupyter-2020.12.414227025/out/client/extension
[2021-01-29 22:24:04.537] [exthost] [info] ExtensionService#_doActivateExtension VisualStudioExptTeam.vscodeintellicode {"startup":false,"extensionId":{"value":"VisualStudioExptTeam.vscodeintellicode","_lower":"visualstudioexptteam.vscodeintellicode"},"activationEvent":"onLanguage:python"}
[2021-01-29 22:24:04.537] [exthost] [info] ExtensionService#loadCommonJSModule file:///root/.vscode/extensions/visualstudioexptteam.vscodeintellicode-1.2.10/dist/intellicode
[2021-01-29 22:24:04.603] [exthost] [info] ExtensionService#_doActivateExtension vscode.debug-auto-launch {"startup":true,"extensionId":{"value":"vscode.debug-auto-launch","_lower":"vscode.debug-auto-launch"},"activationEvent":"*"}
[2021-01-29 22:24:04.603] [exthost] [info] ExtensionService#loadCommonJSModule file:///snap/code/52/usr/share/code/resources/app/extensions/debug-auto-launch/dist/extension
[2021-01-29 22:24:04.614] [exthost] [info] ExtensionService#_doActivateExtension vscode.emmet {"startup":true,"extensionId":{"value":"vscode.emmet","_lower":"vscode.emmet"},"activationEvent":"*"}
[2021-01-29 22:24:04.615] [exthost] [info] ExtensionService#loadCommonJSModule file:///snap/code/52/usr/share/code/resources/app/extensions/emmet/dist/node/emmetNodeMain
[2021-01-29 22:24:04.635] [exthost] [info] ExtensionService#_doActivateExtension vscode.git {"startup":true,"extensionId":{"value":"vscode.github","_lower":"vscode.github"},"activationEvent":"*"}
[2021-01-29 22:24:04.635] [exthost] [info] ExtensionService#loadCommonJSModule file:///snap/code/52/usr/share/code/resources/app/extensions/git/dist/main
[2021-01-29 22:24:04.654] [exthost] [info] ExtensionService#_doActivateExtension vscode.merge-conflict {"startup":true,"extensionId":{"value":"vscode.merge-conflict","_lower":"vscode.merge-conflict"},"activationEvent":"*"}
[2021-01-29 22:24:04.655] [exthost] [info] ExtensionService#loadCommonJSModule file:///snap/code/52/usr/share/code/resources/app/extensions/merge-conflict/dist/mergeConflictMain
[2021-01-29 22:24:04.657] [exthost] [info] ExtensionService#_doActivateExtension vscode.search-result {"startup":true,"extensionId":{"value":"vscode.search-result","_lower":"vscode.search-result"},"activationEvent":"*"}
[2021-01-29 22:24:04.658] [exthost] [info] ExtensionService#loadCommonJSModule file:///snap/code/52/usr/share/code/resources/app/extensions/search-result/dist/extension.js
[2021-01-29 22:24:06.100] [exthost] [info] ExtensionService#_doActivateExtension vscode.github {"startup":true,"extensionId":{"value":"vscode.github","_lower":"vscode.github"},"activationEvent":"*"}
[2021-01-29 22:24:06.100] [exthost] [info] ExtensionService#loadCommonJSModule file:///snap/code/52/usr/share/code/resources/app/extensions/github/dist/extension.js
[2021-01-29 22:24:06.139] [exthost] [info] ExtensionService#_doActivateExtension ms-vscode.js-debug {"startup":false,"extensionId":{"value":"ms-vscode.js-debug","_lower":"ms-vscode.js-debug"},"activationEvent":"onCommand:extension.js-debug.clearAutoAttachVariables"}
[2021-01-29 22:24:06.139] [exthost] [info] ExtensionService#loadCommonJSModule file:///snap/code/52/usr/share/code/resources/app/extensions/ms-vscode.js-debug/src/extension.js
[2021-01-29 22:24:06.242] [exthost] [info] ExtensionService#_doActivateExtension ms-python.python {"startup":false,"extensionId":{"value":"ms-toolsai.jupyter","_lower":"ms-toolsai.jupyter"},"activationEvent":"api"}
[2021-01-29 22:24:06.243] [exthost] [info] ExtensionService#loadCommonJSModule file:///root/.vscode/extensions/ms-python.python-2021.1.502429796/out/client/extension
[2021-01-29 22:24:06.341] [exthost] [info] eager extensions activated
[2021-01-29 22:24:06.379] [exthost] [info] ExtensionService#_doActivateExtension vscode.github-authentication {"startup":false,"extensionId":{"value":"vscode.github-authentication","_lower":"vscode.github-authentication"},"activationEvent":"onAuthenticationRequest:github"}
[2021-01-29 22:24:06.379] [exthost] [info] ExtensionService#loadCommonJSModule file:///snap/code/52/usr/share/code/resources/app/extensions/github-authentication/dist/extension.js
