Looking for git in: git
Using git 2.25.1 from git
> git rev-parse --git-dir
Open repository: /opt/lampp/htdocs/project_alumni
> git status -z -u
> git check-ignore -v -z --stdin
> git symbolic-ref --short HEAD
> git rev-parse master
> git rev-parse --symbolic-full-name master@{u}
fatal: no upstream configured for branch 'master'
> git for-each-ref --sort -committerdate --format %(refname) %(objectname) %(*objectname)
> git remote --verbose
> git config --get commit.template
> git show --textconv :application/views/v_company/v_add_seleksi.php
> git ls-files --stage -- /opt/lampp/htdocs/project_alumni/application/views/v_company/v_add_seleksi.php
> git cat-file -s b3481ea4790cecf1dfd55ba3cb8ff15a8a38668c
> git check-ignore -v -z --stdin
> git show --textconv :application/controllers/perusahaan/Lowongan.php
> git ls-files --stage -- /opt/lampp/htdocs/project_alumni/application/controllers/perusahaan/Lowongan.php
> git cat-file -s 1f6e8f446120ee994b1ff67afca518d4794b3463
> git status -z -u
> git symbolic-ref --short HEAD
> git rev-parse master
> git rev-parse --symbolic-full-name master@{u}
fatal: no upstream configured for branch 'master'
> git for-each-ref --sort -committerdate --format %(refname) %(objectname) %(*objectname)
> git remote --verbose
> git config --get commit.template
> git status -z -u
> git symbolic-ref --short HEAD
> git rev-parse master
> git rev-parse --symbolic-full-name master@{u}
fatal: no upstream configured for branch 'master'
> git for-each-ref --sort -committerdate --format %(refname) %(objectname) %(*objectname)
> git remote --verbose
> git config --get commit.template
> git status -z -u
> git symbolic-ref --short HEAD
> git rev-parse master
> git rev-parse --symbolic-full-name master@{u}
fatal: no upstream configured for branch 'master'
> git for-each-ref --sort -committerdate --format %(refname) %(objectname) %(*objectname)
> git remote --verbose
> git config --get commit.template
> git show --textconv :application/views/v_admin/v_list_komentar.php
> git ls-files --stage -- /opt/lampp/htdocs/project_alumni/application/views/v_admin/v_list_komentar.php
> git cat-file -s 79cf8fcf29c28ce67c2d396d1a2fbbd61a47c735
> git status -z -u
> git symbolic-ref --short HEAD
> git rev-parse master
> git rev-parse --symbolic-full-name master@{u}
fatal: no upstream configured for branch 'master'
> git for-each-ref --sort -committerdate --format %(refname) %(objectname) %(*objectname)
> git remote --verbose
> git config --get commit.template
> git status -z -u
> git symbolic-ref --short HEAD
> git rev-parse master
> git rev-parse --symbolic-full-name master@{u}
fatal: no upstream configured for branch 'master'
> git for-each-ref --sort -committerdate --format %(refname) %(objectname) %(*objectname)
> git remote --verbose
> git config --get commit.template
> git status -z -u
> git symbolic-ref --short HEAD
> git rev-parse master
> git rev-parse --symbolic-full-name master@{u}
fatal: no upstream configured for branch 'master'
> git for-each-ref --sort -committerdate --format %(refname) %(objectname) %(*objectname)
> git remote --verbose
> git config --get commit.template
> git status -z -u
> git symbolic-ref --short HEAD
> git rev-parse master
> git rev-parse --symbolic-full-name master@{u}
fatal: no upstream configured for branch 'master'
> git for-each-ref --sort -committerdate --format %(refname) %(objectname) %(*objectname)
> git remote --verbose
> git config --get commit.template
> git status -z -u
> git symbolic-ref --short HEAD
> git rev-parse master
> git rev-parse --symbolic-full-name master@{u}
fatal: no upstream configured for branch 'master'
> git for-each-ref --sort -committerdate --format %(refname) %(objectname) %(*objectname)
> git remote --verbose
> git config --get commit.template
> git status -z -u
> git symbolic-ref --short HEAD
> git rev-parse master
> git rev-parse --symbolic-full-name master@{u}
fatal: no upstream configured for branch 'master'
> git for-each-ref --sort -committerdate --format %(refname) %(objectname) %(*objectname)
> git remote --verbose
> git config --get commit.template
> git status -z -u
> git symbolic-ref --short HEAD
> git rev-parse master
> git rev-parse --symbolic-full-name master@{u}
fatal: no upstream configured for branch 'master'
> git for-each-ref --sort -committerdate --format %(refname) %(objectname) %(*objectname)
> git remote --verbose
> git config --get commit.template
> git show --textconv :application/controllers/perusahaan/Lowongan.php
> git ls-files --stage -- /opt/lampp/htdocs/project_alumni/application/controllers/perusahaan/Lowongan.php
> git cat-file -s 1f6e8f446120ee994b1ff67afca518d4794b3463
> git show --textconv :application/controllers/perusahaan/Auth.php
> git ls-files --stage -- /opt/lampp/htdocs/project_alumni/application/controllers/perusahaan/Auth.php
> git cat-file -s 9b72894fa5fdf1a25db3055af991d0bb15f7268d
> git show --textconv :application/controllers/perusahaan/Dashboard.php
> git ls-files --stage -- /opt/lampp/htdocs/project_alumni/application/controllers/perusahaan/Dashboard.php
> git cat-file -s 0a091a316127a20ef05002379f172df5fc4db520
> git show --textconv :application/controllers/perusahaan/Profil.php
> git ls-files --stage -- /opt/lampp/htdocs/project_alumni/application/controllers/perusahaan/Profil.php
> git cat-file -s 859c8dbb9d42388b4005fc68e02d1b8ef2ef2759
> git show --textconv :application/controllers/perusahaan/Managemen_test.php
> git ls-files --stage -- /opt/lampp/htdocs/project_alumni/application/controllers/perusahaan/Managemen_test.php
> git cat-file -s a9cb6dd0a2fe3e5aec487c8bbe2b306e386afa45
> git show --textconv :application/controllers/perusahaan/Auth.php
> git ls-files --stage -- /opt/lampp/htdocs/project_alumni/application/controllers/perusahaan/Auth.php
> git cat-file -s 9b72894fa5fdf1a25db3055af991d0bb15f7268d
> git show --textconv :application/controllers/perusahaan/Lowongan.php
> git ls-files --stage -- /opt/lampp/htdocs/project_alumni/application/controllers/perusahaan/Lowongan.php
> git cat-file -s 1f6e8f446120ee994b1ff67afca518d4794b3463
> git show --textconv :application/controllers/perusahaan/Managemen_test.php
> git ls-files --stage -- /opt/lampp/htdocs/project_alumni/application/controllers/perusahaan/Managemen_test.php
> git cat-file -s a9cb6dd0a2fe3e5aec487c8bbe2b306e386afa45
> git status -z -u
> git symbolic-ref --short HEAD
> git rev-parse master
> git rev-parse --symbolic-full-name master@{u}
fatal: no upstream configured for branch 'master'
> git for-each-ref --sort -committerdate --format %(refname) %(objectname) %(*objectname)
> git remote --verbose
> git config --get commit.template
> git status -z -u
> git symbolic-ref --short HEAD
> git rev-parse master
> git rev-parse --symbolic-full-name master@{u}
fatal: no upstream configured for branch 'master'
> git for-each-ref --sort -committerdate --format %(refname) %(objectname) %(*objectname)
> git remote --verbose
> git config --get commit.template
> git status -z -u
> git symbolic-ref --short HEAD
> git rev-parse master
> git rev-parse --symbolic-full-name master@{u}
fatal: no upstream configured for branch 'master'
> git for-each-ref --sort -committerdate --format %(refname) %(objectname) %(*objectname)
> git remote --verbose
> git config --get commit.template
> git check-ignore -v -z --stdin
> git show --textconv :application/models/M_seleksi.php
> git ls-files --stage -- /opt/lampp/htdocs/project_alumni/application/models/M_seleksi.php
> git cat-file -s 85ccbfbe8a833aedcea0273bed57e12a4775b1e8
> git show --textconv :application/controllers/perusahaan/Managemen_test.php
> git ls-files --stage -- /opt/lampp/htdocs/project_alumni/application/controllers/perusahaan/Managemen_test.php
> git cat-file -s a9cb6dd0a2fe3e5aec487c8bbe2b306e386afa45
> git status -z -u
> git symbolic-ref --short HEAD
> git rev-parse master
> git rev-parse --symbolic-full-name master@{u}
fatal: no upstream configured for branch 'master'
> git for-each-ref --sort -committerdate --format %(refname) %(objectname) %(*objectname)
> git remote --verbose
> git config --get commit.template
> git check-ignore -v -z --stdin
> git show --textconv :application/views/v_alumni/v_status_lamaran.php
> git ls-files --stage -- /opt/lampp/htdocs/project_alumni/application/views/v_alumni/v_status_lamaran.php
> git cat-file -s 0645d3a7bb30cce19abb1b041bc38af93dd23a51
> git status -z -u
> git symbolic-ref --short HEAD
> git rev-parse master
> git rev-parse --symbolic-full-name master@{u}
fatal: no upstream configured for branch 'master'
> git for-each-ref --sort -committerdate --format %(refname) %(objectname) %(*objectname)
> git remote --verbose
> git config --get commit.template
